twentyeleven
twentyten
responsive
pinboard
suffusion
pagelines
ifeature
twentytwelve
catch-box
eclipse
easel
montezuma
simple-catch
mantra
gamepress
minimatica
colorway
platform
pilcrow
weaver-ii
wp-creativix
duster
buttercream
pink-touch-2
sliding-door
hatch
chaostheory
next-saturday
zeebizzcard
zeemagazine
business-lite
blackbird
toolbox
esquire
blogolife
atahualpa
gridiculous
graphene
max-magazine
iribbon
destro
news
coraline
zeestyle
d5-corporate-lite
response
custom-community
target
zeesynergie
sundance
bouquet
theron-lite
sunspot
annotum-base
dusk-to-dawn
neuro
portfolio-press
zeebusiness
oxygen
parament
beach
thematic
elegantwhite
evolve
hero
patchwork
steira
discussion
living-journal
yoko
zeedisplay
blaskan
zeecorporate
esplanade
zeepersonal
